2026-03-10 11:17:04,060 INFO supervisord started with pid 12
2026-03-10 11:17:05,064 INFO spawned: 'backend-api' with pid 218
2026-03-10 11:17:05,069 INFO spawned: 'nats' with pid 219
2026-03-10 11:17:05,074 INFO spawned: 'nginx' with pid 220
2026-03-10 11:17:05,079 INFO spawned: 'postgres' with pid 221
2026-03-10 11:17:05,082 INFO spawnerr: can't find command '/usr/bin/python'
2026-03-10 11:17:05,082 INFO spawnerr: can't find command '/usr/bin/python'
2026-03-10 11:17:05,083 INFO spawnerr: can't find command '/usr/bin/python'
2026-03-10 11:17:05,115 WARN exited: nginx (exit status 1; not expected)
2026-03-10 11:17:05,136 WARN exited: postgres (exit status 2; not expected)
2026-03-10 11:17:06,587 INFO spawned: 'nginx' with pid 237
2026-03-10 11:17:06,589 INFO spawned: 'postgres' with pid 238
2026-03-10 11:17:06,589 INFO spawnerr: can't find command '/usr/bin/python'
2026-03-10 11:17:06,589 INFO spawnerr: can't find command '/usr/bin/python'
2026-03-10 11:17:06,589 INFO spawnerr: can't find command '/usr/bin/python'
2026-03-10 11:17:06,597 WARN exited: nginx (exit status 1; not expected)
2026-03-10 11:17:06,602 WARN exited: postgres (exit status 2; not expected)
2026-03-10 11:17:08,097 INFO success: nats entered RUNNING state, process has stayed up for > than 3 seconds (startsecs)
2026-03-10 11:17:09,106 INFO spawned: 'nginx' with pid 251
2026-03-10 11:17:09,109 INFO spawned: 'postgres' with pid 252
2026-03-10 11:17:09,110 INFO spawnerr: can't find command '/usr/bin/python'
2026-03-10 11:17:09,111 INFO spawnerr: can't find command '/usr/bin/python'
2026-03-10 11:17:09,111 INFO spawnerr: can't find command '/usr/bin/python'
2026-03-10 11:17:09,125 WARN exited: nginx (exit status 1; not expected)
2026-03-10 11:17:09,136 WARN exited: postgres (exit status 2; not expected)
2026-03-10 11:17:10,136 INFO success: backend-api entered RUNNING state, process has stayed up for > than 5 seconds (startsecs)
2026-03-10 11:17:12,140 INFO spawned: 'nginx' with pid 253
2026-03-10 11:17:12,143 INFO spawned: 'postgres' with pid 254
2026-03-10 11:17:12,144 INFO spawnerr: can't find command '/usr/bin/python'
2026-03-10 11:17:12,144 INFO gave up: worker-00 entered FATAL state, too many start retries too quickly
2026-03-10 11:17:12,145 INFO spawnerr: can't find command '/usr/bin/python'
2026-03-10 11:17:12,145 INFO gave up: worker-01 entered FATAL state, too many start retries too quickly
2026-03-10 11:17:12,145 INFO spawnerr: can't find command '/usr/bin/python'
2026-03-10 11:17:12,145 INFO gave up: worker-02 entered FATAL state, too many start retries too quickly
2026-03-10 11:17:12,162 WARN exited: nginx (exit status 1; not expected)
2026-03-10 11:17:12,175 INFO gave up: nginx entered FATAL state, too many start retries too quickly
2026-03-10 11:17:12,177 WARN exited: postgres (exit status 2; not expected)
2026-03-10 11:17:17,123 INFO spawned: 'postgres' with pid 267
2026-03-10 11:17:17,142 WARN exited: postgres (exit status 2; not expected)
2026-03-10 11:17:23,104 INFO spawned: 'postgres' with pid 286
2026-03-10 11:17:23,137 WARN exited: postgres (exit status 2; not expected)
2026-03-10 11:17:30,132 INFO spawned: 'postgres' with pid 300
2026-03-10 11:17:30,165 WARN exited: postgres (exit status 2; not expected)
2026-03-10 11:17:37,188 INFO spawned: 'postgres' with pid 315
2026-03-10 11:17:37,234 WARN exited: postgres (exit status 2; not expected)
2026-03-10 11:17:45,630 INFO spawned: 'postgres' with pid 327
2026-03-10 11:17:45,659 WARN exited: postgres (exit status 2; not expected)
2026-03-10 11:17:55,198 INFO spawned: 'postgres' with pid 347
2026-03-10 11:17:55,226 WARN exited: postgres (exit status 2; not expected)
2026-03-10 11:18:05,280 INFO spawned: 'postgres' with pid 371
2026-03-10 11:18:05,295 WARN exited: postgres (exit status 2; not expected)
2026-03-10 11:18:05,737 INFO gave up: postgres entered FATAL state, too many start retries too quickly
2026-03-10 11:33:17,412 INFO supervisord started with pid 12
2026-03-10 11:33:18,414 INFO spawned: 'backend-api' with pid 214
2026-03-10 11:33:18,418 INFO spawned: 'nats' with pid 215
2026-03-10 11:33:18,423 INFO spawned: 'nginx' with pid 216
2026-03-10 11:33:18,429 INFO spawned: 'postgres' with pid 217
2026-03-10 11:33:18,431 INFO spawnerr: can't find command '/usr/bin/python'
2026-03-10 11:33:18,432 INFO spawnerr: can't find command '/usr/bin/python'
2026-03-10 11:33:18,433 INFO spawnerr: can't find command '/usr/bin/python'
2026-03-10 11:33:18,446 WARN exited: nginx (exit status 1; not expected)
2026-03-10 11:33:18,465 WARN exited: postgres (exit status 2; not expected)
2026-03-10 11:33:19,889 INFO spawned: 'nginx' with pid 233
2026-03-10 11:33:19,891 INFO spawned: 'postgres' with pid 234
2026-03-10 11:33:19,892 INFO spawnerr: can't find command '/usr/bin/python'
2026-03-10 11:33:19,892 INFO spawnerr: can't find command '/usr/bin/python'
2026-03-10 11:33:19,892 INFO spawnerr: can't find command '/usr/bin/python'
2026-03-10 11:33:19,899 WARN exited: nginx (exit status 1; not expected)
2026-03-10 11:33:19,910 WARN exited: postgres (exit status 2; not expected)
2026-03-10 11:33:21,913 INFO success: nats entered RUNNING state, process has stayed up for > than 3 seconds (startsecs)
2026-03-10 11:33:21,916 INFO spawned: 'nginx' with pid 241
2026-03-10 11:33:21,921 INFO spawned: 'postgres' with pid 242
2026-03-10 11:33:21,922 INFO spawnerr: can't find command '/usr/bin/python'
2026-03-10 11:33:21,923 INFO spawnerr: can't find command '/usr/bin/python'
2026-03-10 11:33:21,923 INFO spawnerr: can't find command '/usr/bin/python'
2026-03-10 11:33:21,964 WARN exited: nginx (exit status 1; not expected)
2026-03-10 11:33:21,975 WARN exited: postgres (exit status 2; not expected)
2026-03-10 11:33:23,976 INFO success: backend-api entered RUNNING state, process has stayed up for > than 5 seconds (startsecs)
2026-03-10 11:33:24,926 INFO spawnerr: can't find command '/usr/bin/python'
2026-03-10 11:33:24,926 INFO gave up: worker-00 entered FATAL state, too many start retries too quickly
2026-03-10 11:33:24,926 INFO spawnerr: can't find command '/usr/bin/python'
2026-03-10 11:33:24,926 INFO gave up: worker-01 entered FATAL state, too many start retries too quickly
2026-03-10 11:33:24,926 INFO spawnerr: can't find command '/usr/bin/python'
2026-03-10 11:33:24,926 INFO gave up: worker-02 entered FATAL state, too many start retries too quickly
2026-03-10 11:33:25,928 INFO spawned: 'nginx' with pid 255
2026-03-10 11:33:25,929 INFO spawned: 'postgres' with pid 256
2026-03-10 11:33:25,939 WARN exited: nginx (exit status 1; not expected)
2026-03-10 11:33:25,941 INFO gave up: nginx entered FATAL state, too many start retries too quickly
2026-03-10 11:33:25,942 WARN exited: postgres (exit status 2; not expected)
2026-03-10 11:33:30,416 INFO spawned: 'postgres' with pid 263
2026-03-10 11:33:30,431 WARN exited: postgres (exit status 2; not expected)
2026-03-10 11:33:35,518 INFO spawned: 'postgres' with pid 283
2026-03-10 11:33:35,567 WARN exited: postgres (exit status 2; not expected)
2026-03-10 11:33:42,532 INFO spawned: 'postgres' with pid 307
2026-03-10 11:33:42,546 WARN exited: postgres (exit status 2; not expected)
2026-03-10 11:33:50,478 INFO spawned: 'postgres' with pid 320
2026-03-10 11:33:50,532 WARN exited: postgres (exit status 2; not expected)
2026-03-10 11:33:59,278 INFO spawned: 'postgres' with pid 343
2026-03-10 11:33:59,290 WARN exited: postgres (exit status 2; not expected)
2026-03-10 11:34:08,935 INFO spawned: 'postgres' with pid 371
2026-03-10 11:34:08,956 WARN exited: postgres (exit status 2; not expected)
2026-03-10 11:34:19,946 INFO spawned: 'postgres' with pid 394
2026-03-10 11:34:19,975 WARN exited: postgres (exit status 2; not expected)
2026-03-10 11:34:20,976 INFO gave up: postgres entered FATAL state, too many start retries too quickly
2026-03-10 11:36:10,531 INFO supervisord started with pid 12
2026-03-10 11:36:11,537 INFO spawned: 'backend-api' with pid 213
2026-03-10 11:36:11,541 INFO spawned: 'nats' with pid 214
2026-03-10 11:36:11,545 INFO spawned: 'nginx' with pid 215
2026-03-10 11:36:11,548 INFO spawned: 'postgres' with pid 216
2026-03-10 11:36:11,550 INFO spawnerr: can't find command '/usr/bin/python'
2026-03-10 11:36:11,550 INFO spawnerr: can't find command '/usr/bin/python'
2026-03-10 11:36:11,551 INFO spawnerr: can't find command '/usr/bin/python'
2026-03-10 11:36:11,570 WARN exited: nginx (exit status 1; not expected)
2026-03-10 11:36:11,597 WARN exited: postgres (exit status 2; not expected)
2026-03-10 11:36:12,957 INFO spawned: 'nginx' with pid 231
2026-03-10 11:36:12,958 INFO spawned: 'postgres' with pid 232
2026-03-10 11:36:12,959 INFO spawnerr: can't find command '/usr/bin/python'
2026-03-10 11:36:12,959 INFO spawnerr: can't find command '/usr/bin/python'
2026-03-10 11:36:12,959 INFO spawnerr: can't find command '/usr/bin/python'
2026-03-10 11:36:12,967 WARN exited: nginx (exit status 1; not expected)
2026-03-10 11:36:12,976 WARN exited: postgres (exit status 2; not expected)
2026-03-10 11:36:14,977 INFO success: nats entered RUNNING state, process has stayed up for > than 3 seconds (startsecs)
2026-03-10 11:36:14,981 INFO spawned: 'nginx' with pid 239
2026-03-10 11:36:14,986 INFO spawned: 'postgres' with pid 240
2026-03-10 11:36:14,988 INFO spawnerr: can't find command '/usr/bin/python'
2026-03-10 11:36:14,989 INFO spawnerr: can't find command '/usr/bin/python'
2026-03-10 11:36:14,990 INFO spawnerr: can't find command '/usr/bin/python'
2026-03-10 11:36:15,011 WARN exited: nginx (exit status 1; not expected)
2026-03-10 11:36:15,036 WARN exited: postgres (exit status 2; not expected)
2026-03-10 11:36:17,038 INFO success: backend-api entered RUNNING state, process has stayed up for > than 5 seconds (startsecs)
2026-03-10 11:36:18,012 INFO spawnerr: can't find command '/usr/bin/python'
2026-03-10 11:36:18,012 INFO gave up: worker-00 entered FATAL state, too many start retries too quickly
2026-03-10 11:36:18,012 INFO spawnerr: can't find command '/usr/bin/python'
2026-03-10 11:36:18,012 INFO gave up: worker-01 entered FATAL state, too many start retries too quickly
2026-03-10 11:36:18,013 INFO spawnerr: can't find command '/usr/bin/python'
2026-03-10 11:36:18,013 INFO gave up: worker-02 entered FATAL state, too many start retries too quickly
2026-03-10 11:36:18,016 INFO spawned: 'nginx' with pid 242
2026-03-10 11:36:18,042 INFO spawned: 'postgres' with pid 244
2026-03-10 11:36:18,044 WARN exited: nginx (exit status 1; not expected)
2026-03-10 11:36:18,045 INFO gave up: nginx entered FATAL state, too many start retries too quickly
2026-03-10 11:36:18,071 WARN exited: postgres (exit status 2; not expected)
2026-03-10 11:36:22,291 INFO spawned: 'postgres' with pid 267
2026-03-10 11:36:22,312 WARN exited: postgres (exit status 2; not expected)
2026-03-10 11:36:27,819 INFO spawned: 'postgres' with pid 292
2026-03-10 11:36:27,832 WARN exited: postgres (exit status 2; not expected)
2026-03-10 11:36:34,287 INFO spawned: 'postgres' with pid 317
2026-03-10 11:36:34,302 WARN exited: postgres (exit status 2; not expected)
2026-03-10 11:36:41,932 INFO spawned: 'postgres' with pid 334
2026-03-10 11:36:41,949 WARN exited: postgres (exit status 2; not expected)
2026-03-10 11:36:50,034 INFO spawned: 'postgres' with pid 347
2026-03-10 11:36:50,057 WARN exited: postgres (exit status 2; not expected)
2026-03-10 11:37:00,037 INFO spawned: 'postgres' with pid 372
2026-03-10 11:37:00,053 WARN exited: postgres (exit status 2; not expected)
2026-03-10 11:38:14,054 INFO supervisord started with pid 12
2026-03-10 11:38:15,059 INFO spawned: 'backend-api' with pid 213
2026-03-10 11:38:15,064 INFO spawned: 'nats' with pid 214
2026-03-10 11:38:15,067 INFO spawned: 'nginx' with pid 215
2026-03-10 11:38:15,071 INFO spawned: 'postgres' with pid 216
2026-03-10 11:38:15,073 INFO spawnerr: can't find command '/usr/bin/python'
2026-03-10 11:38:15,073 INFO spawnerr: can't find command '/usr/bin/python'
2026-03-10 11:38:15,074 INFO spawnerr: can't find command '/usr/bin/python'
2026-03-10 11:38:15,122 WARN exited: nginx (exit status 1; not expected)
2026-03-10 11:38:15,125 WARN exited: postgres (exit status 2; not expected)
2026-03-10 11:38:16,911 INFO spawned: 'nginx' with pid 236
2026-03-10 11:38:16,913 INFO spawned: 'postgres' with pid 237
2026-03-10 11:38:16,913 INFO spawnerr: can't find command '/usr/bin/python'
2026-03-10 11:38:16,914 INFO spawnerr: can't find command '/usr/bin/python'
2026-03-10 11:38:16,914 INFO spawnerr: can't find command '/usr/bin/python'
2026-03-10 11:38:16,923 WARN exited: nginx (exit status 1; not expected)
2026-03-10 11:38:16,937 WARN exited: postgres (exit status 2; not expected)
2026-03-10 11:38:18,509 INFO success: nats entered RUNNING state, process has stayed up for > than 3 seconds (startsecs)
2026-03-10 11:38:19,513 INFO spawned: 'nginx' with pid 240
2026-03-10 11:38:19,518 INFO spawned: 'postgres' with pid 241
2026-03-10 11:38:19,519 INFO spawnerr: can't find command '/usr/bin/python'
2026-03-10 11:38:19,519 INFO spawnerr: can't find command '/usr/bin/python'
2026-03-10 11:38:19,520 INFO spawnerr: can't find command '/usr/bin/python'
2026-03-10 11:38:19,532 WARN exited: nginx (exit status 1; not expected)
2026-03-10 11:38:19,548 WARN exited: postgres (exit status 2; not expected)
2026-03-10 11:38:20,549 INFO success: backend-api entered RUNNING state, process has stayed up for > than 5 seconds (startsecs)
2026-03-10 11:38:22,549 INFO spawned: 'nginx' with pid 249
2026-03-10 11:38:22,555 INFO spawned: 'postgres' with pid 251
2026-03-10 11:38:22,558 INFO spawnerr: can't find command '/usr/bin/python'
2026-03-10 11:38:22,559 INFO gave up: worker-00 entered FATAL state, too many start retries too quickly
2026-03-10 11:38:22,561 INFO spawnerr: can't find command '/usr/bin/python'
2026-03-10 11:38:22,562 INFO gave up: worker-01 entered FATAL state, too many start retries too quickly
2026-03-10 11:38:22,562 INFO spawnerr: can't find command '/usr/bin/python'
2026-03-10 11:38:22,562 INFO gave up: worker-02 entered FATAL state, too many start retries too quickly
2026-03-10 11:38:22,584 WARN exited: nginx (exit status 1; not expected)
2026-03-10 11:38:22,602 INFO gave up: nginx entered FATAL state, too many start retries too quickly
2026-03-10 11:38:22,605 WARN exited: postgres (exit status 2; not expected)
2026-03-10 11:38:26,802 INFO spawned: 'postgres' with pid 265
2026-03-10 11:38:26,833 WARN exited: postgres (exit status 2; not expected)
2026-03-10 11:38:32,218 INFO spawned: 'postgres' with pid 278
2026-03-10 11:38:32,251 WARN exited: postgres (exit status 2; not expected)
2026-03-10 11:38:38,392 INFO spawned: 'postgres' with pid 293
2026-03-10 11:38:39,384 WARN exited: postgres (exit status 2; not expected)
2026-03-10 11:38:46,556 INFO spawned: 'postgres' with pid 313
2026-03-10 11:38:46,569 WARN exited: postgres (exit status 2; not expected)
2026-03-10 11:38:55,094 INFO spawned: 'postgres' with pid 327
2026-03-10 11:38:55,107 WARN exited: postgres (exit status 2; not expected)
2026-03-10 11:39:04,113 INFO spawned: 'postgres' with pid 345
2026-03-10 11:39:04,174 WARN exited: postgres (exit status 2; not expected)
2026-03-10 11:39:15,123 INFO spawned: 'postgres' with pid 364
2026-03-10 11:39:15,154 WARN exited: postgres (exit status 2; not expected)
2026-03-10 11:39:16,155 INFO gave up: postgres entered FATAL state, too many start retries too quickly
2026-03-10 12:08:01,935 CRIT Supervisor is running as root.  Privileges were not dropped because no user is specified in the config file.  If you intend to run as root, you can set user=root in the config file to avoid this message.
2026-03-10 12:08:01,936 INFO supervisord started with pid 7
2026-03-10 12:08:02,938 INFO spawned: 'backend-api' with pid 51
2026-03-10 12:08:02,943 INFO spawned: 'nats' with pid 52
2026-03-10 12:08:02,947 INFO spawned: 'nginx' with pid 53
2026-03-10 12:08:02,954 INFO spawned: 'postgres' with pid 54
2026-03-10 12:08:02,961 INFO spawned: 'worker-00' with pid 55
2026-03-10 12:08:02,969 INFO spawned: 'worker-01' with pid 56
2026-03-10 12:08:02,979 INFO spawned: 'worker-02' with pid 62
2026-03-10 12:08:03,011 WARN exited: postgres (exit status 1; not expected)
2026-03-10 12:08:04,073 INFO spawned: 'postgres' with pid 76
2026-03-10 12:08:04,088 WARN exited: postgres (exit status 1; not expected)
2026-03-10 12:08:04,131 WARN exited: worker-01 (exit status 1; not expected)
2026-03-10 12:08:04,207 WARN exited: worker-02 (exit status 1; not expected)
2026-03-10 12:08:05,909 INFO spawned: 'worker-01' with pid 81
2026-03-10 12:08:05,912 INFO spawned: 'worker-02' with pid 82
2026-03-10 12:08:06,280 INFO success: nats entered RUNNING state, process has stayed up for > than 3 seconds (startsecs)
2026-03-10 12:08:06,280 INFO success: nginx entered RUNNING state, process has stayed up for > than 3 seconds (startsecs)
2026-03-10 12:08:06,281 INFO spawned: 'postgres' with pid 83
2026-03-10 12:08:06,305 WARN exited: postgres (exit status 1; not expected)
2026-03-10 12:08:06,883 WARN exited: worker-01 (exit status 1; not expected)
2026-03-10 12:08:06,916 WARN exited: worker-02 (exit status 1; not expected)
2026-03-10 12:08:08,918 INFO success: backend-api entered RUNNING state, process has stayed up for > than 5 seconds (startsecs)
2026-03-10 12:08:08,918 INFO success: worker-00 entered RUNNING state, process has stayed up for > than 5 seconds (startsecs)
2026-03-10 12:08:08,922 INFO spawned: 'worker-01' with pid 84
2026-03-10 12:08:08,926 INFO spawned: 'worker-02' with pid 85
2026-03-10 12:08:09,800 INFO spawned: 'postgres' with pid 92
2026-03-10 12:08:09,822 WARN exited: postgres (exit status 1; not expected)
2026-03-10 12:08:09,947 WARN exited: worker-01 (exit status 1; not expected)
2026-03-10 12:08:09,958 WARN exited: worker-02 (exit status 1; not expected)
2026-03-10 12:08:13,320 INFO spawned: 'worker-01' with pid 108
2026-03-10 12:08:13,321 INFO spawned: 'worker-02' with pid 109
2026-03-10 12:08:13,923 INFO spawned: 'postgres' with pid 111
2026-03-10 12:08:13,938 WARN exited: postgres (exit status 1; not expected)
2026-03-10 12:08:14,426 WARN exited: worker-02 (exit status 1; not expected)
2026-03-10 12:08:14,435 INFO gave up: worker-02 entered FATAL state, too many start retries too quickly
2026-03-10 12:08:14,435 WARN exited: worker-01 (exit status 1; not expected)
2026-03-10 12:08:14,661 INFO gave up: worker-01 entered FATAL state, too many start retries too quickly
2026-03-10 12:08:19,016 INFO spawned: 'postgres' with pid 121
2026-03-10 12:08:19,064 WARN exited: postgres (exit status 1; not expected)
2026-03-10 12:08:25,166 INFO spawned: 'postgres' with pid 157
2026-03-10 12:08:25,186 WARN exited: postgres (exit status 1; not expected)
2026-03-10 12:08:32,286 INFO spawned: 'postgres' with pid 170
2026-03-10 12:08:32,335 WARN exited: postgres (exit status 1; not expected)
2026-03-10 12:08:40,402 INFO spawned: 'postgres' with pid 200
2026-03-10 12:08:40,417 WARN exited: postgres (exit status 1; not expected)
2026-03-10 12:08:49,495 INFO spawned: 'postgres' with pid 249
2026-03-10 12:08:49,509 WARN exited: postgres (exit status 1; not expected)
2026-03-10 12:08:59,631 INFO spawned: 'postgres' with pid 281
2026-03-10 12:08:59,651 WARN exited: postgres (exit status 1; not expected)
2026-03-10 12:08:59,672 INFO gave up: postgres entered FATAL state, too many start retries too quickly
2026-03-10 12:11:50,736 WARN received SIGTERM indicating exit request
2026-03-10 12:11:50,737 INFO waiting for backend-api, nats, nginx, worker-00 to die
2026-03-10 12:11:50,847 INFO stopped: worker-00 (exit status 0)
2026-03-10 12:11:51,850 INFO stopped: nginx (exit status 0)
2026-03-10 12:11:51,852 WARN stopped: nats (exit status 1)
2026-03-10 12:11:52,372 INFO stopped: backend-api (exit status 0)
2026-03-10 12:13:01,402 INFO Set uid to user 0 succeeded
2026-03-10 12:13:01,404 INFO supervisord started with pid 7
2026-03-10 12:13:02,408 INFO spawned: 'backend-api' with pid 63
2026-03-10 12:13:02,415 INFO spawned: 'nats' with pid 64
2026-03-10 12:13:02,422 INFO spawned: 'nginx' with pid 65
2026-03-10 12:13:02,427 INFO spawned: 'postgres' with pid 66
2026-03-10 12:13:02,433 INFO spawned: 'worker-00' with pid 67
2026-03-10 12:13:02,438 INFO spawned: 'worker-01' with pid 68
2026-03-10 12:13:02,443 INFO spawned: 'worker-02' with pid 70
2026-03-10 12:13:02,833 WARN exited: postgres (exit status 1; not expected)
2026-03-10 12:13:04,367 INFO spawned: 'postgres' with pid 92
2026-03-10 12:13:04,387 WARN exited: postgres (exit status 1; not expected)
2026-03-10 12:13:05,411 INFO success: nats entered RUNNING state, process has stayed up for > than 3 seconds (startsecs)
2026-03-10 12:13:05,471 INFO success: nginx entered RUNNING state, process has stayed up for > than 3 seconds (startsecs)
2026-03-10 12:13:06,768 INFO spawned: 'postgres' with pid 96
2026-03-10 12:13:06,827 WARN exited: postgres (exit status 1; not expected)
2026-03-10 12:13:07,828 INFO success: backend-api entered RUNNING state, process has stayed up for > than 5 seconds (startsecs)
2026-03-10 12:13:07,828 INFO success: worker-00 entered RUNNING state, process has stayed up for > than 5 seconds (startsecs)
2026-03-10 12:13:07,828 INFO success: worker-01 entered RUNNING state, process has stayed up for > than 5 seconds (startsecs)
2026-03-10 12:13:07,828 INFO success: worker-02 entered RUNNING state, process has stayed up for > than 5 seconds (startsecs)
2026-03-10 12:13:10,429 INFO spawned: 'postgres' with pid 104
2026-03-10 12:13:10,471 WARN exited: postgres (exit status 1; not expected)
2026-03-10 12:13:14,482 INFO spawned: 'postgres' with pid 119
2026-03-10 12:13:14,507 WARN exited: postgres (exit status 1; not expected)
2026-03-10 12:13:19,535 INFO spawned: 'postgres' with pid 128
2026-03-10 12:13:19,558 WARN exited: postgres (exit status 1; not expected)
2026-03-10 12:13:25,649 INFO spawned: 'postgres' with pid 141
2026-03-10 12:13:25,680 WARN exited: postgres (exit status 1; not expected)
2026-03-10 12:13:33,059 INFO spawned: 'postgres' with pid 156
2026-03-10 12:13:33,100 WARN exited: postgres (exit status 1; not expected)
2026-03-10 12:13:41,861 INFO spawned: 'postgres' with pid 176
2026-03-10 12:13:41,914 WARN exited: postgres (exit status 1; not expected)
2026-03-10 12:13:50,977 INFO spawned: 'postgres' with pid 197
2026-03-10 12:13:51,039 WARN exited: postgres (exit status 1; not expected)
2026-03-10 12:14:01,081 INFO spawned: 'postgres' with pid 224
2026-03-10 12:14:06,203 INFO success: postgres entered RUNNING state, process has stayed up for > than 5 seconds (startsecs)
2026-03-10 12:16:08,715 WARN received SIGTERM indicating exit request
2026-03-10 12:16:08,715 INFO waiting for backend-api, nats, nginx, postgres, worker-00, worker-01, worker-02 to die
2026-03-10 12:16:08,792 INFO stopped: worker-00 (exit status 0)
2026-03-10 12:16:08,929 INFO stopped: worker-02 (exit status 0)
2026-03-10 12:16:08,981 INFO stopped: worker-01 (exit status 0)
2026-03-10 12:16:09,027 INFO stopped: postgres (exit status 0)
2026-03-10 12:16:09,030 INFO stopped: nginx (exit status 0)
2026-03-10 12:16:09,031 WARN stopped: nats (exit status 1)
2026-03-10 12:16:12,019 INFO waiting for backend-api to die
2026-03-10 12:16:15,051 INFO waiting for backend-api to die
2026-03-10 12:16:18,055 INFO waiting for backend-api to die
2026-03-10 12:16:42,760 INFO Set uid to user 0 succeeded
2026-03-10 12:16:42,763 INFO supervisord started with pid 7
2026-03-10 12:16:43,766 INFO spawned: 'backend-api' with pid 55
2026-03-10 12:16:43,769 INFO spawned: 'nats' with pid 56
2026-03-10 12:16:43,773 INFO spawned: 'nginx' with pid 57
2026-03-10 12:16:43,776 INFO spawned: 'postgres' with pid 58
2026-03-10 12:16:43,779 INFO spawned: 'worker-00' with pid 59
2026-03-10 12:16:43,782 INFO spawned: 'worker-01' with pid 60
2026-03-10 12:16:43,784 INFO spawned: 'worker-02' with pid 61
2026-03-10 12:16:43,801 WARN exited: postgres (exit status 1; not expected)
2026-03-10 12:16:45,171 INFO spawned: 'postgres' with pid 75
2026-03-10 12:16:45,184 WARN exited: postgres (exit status 1; not expected)
2026-03-10 12:16:47,454 INFO success: nats entered RUNNING state, process has stayed up for > than 3 seconds (startsecs)
2026-03-10 12:16:47,454 INFO success: nginx entered RUNNING state, process has stayed up for > than 3 seconds (startsecs)
2026-03-10 12:16:47,457 INFO spawned: 'postgres' with pid 87
2026-03-10 12:16:48,076 WARN exited: postgres (exit status 1; not expected)
2026-03-10 12:16:49,678 INFO success: backend-api entered RUNNING state, process has stayed up for > than 5 seconds (startsecs)
2026-03-10 12:16:49,679 INFO success: worker-00 entered RUNNING state, process has stayed up for > than 5 seconds (startsecs)
2026-03-10 12:16:49,680 INFO success: worker-01 entered RUNNING state, process has stayed up for > than 5 seconds (startsecs)
2026-03-10 12:16:49,680 INFO success: worker-02 entered RUNNING state, process has stayed up for > than 5 seconds (startsecs)
2026-03-10 12:16:51,524 INFO spawned: 'postgres' with pid 96
2026-03-10 12:16:51,550 WARN exited: postgres (exit status 1; not expected)
2026-03-10 12:16:55,907 INFO spawned: 'postgres' with pid 103
2026-03-10 12:16:55,923 WARN exited: postgres (exit status 1; not expected)
2026-03-10 12:17:01,605 INFO spawned: 'postgres' with pid 112
2026-03-10 12:17:01,647 WARN exited: postgres (exit status 1; not expected)
2026-03-10 12:17:07,817 INFO spawned: 'postgres' with pid 133
2026-03-10 12:17:07,847 WARN exited: postgres (exit status 1; not expected)
2026-03-10 12:17:15,262 INFO spawned: 'postgres' with pid 147
2026-03-10 12:17:15,278 WARN exited: postgres (exit status 1; not expected)
2026-03-10 12:17:24,092 INFO spawned: 'postgres' with pid 168
2026-03-10 12:17:24,139 WARN exited: postgres (exit status 1; not expected)
2026-03-10 12:17:33,227 INFO spawned: 'postgres' with pid 188
2026-03-10 12:17:33,260 WARN exited: postgres (exit status 1; not expected)
2026-03-10 12:17:43,666 INFO spawned: 'postgres' with pid 214
2026-03-10 12:17:43,682 WARN exited: postgres (exit status 1; not expected)
2026-03-10 12:17:44,683 INFO gave up: postgres entered FATAL state, too many start retries too quickly
2026-03-10 12:33:31,053 WARN received SIGTERM indicating exit request
2026-03-10 12:33:31,061 INFO waiting for backend-api, nats, nginx, worker-00, worker-01, worker-02 to die
2026-03-10 12:33:31,159 INFO stopped: worker-00 (exit status 0)
2026-03-10 12:33:31,372 INFO stopped: worker-02 (exit status 0)
2026-03-10 12:33:31,415 INFO stopped: worker-01 (exit status 0)
2026-03-10 12:33:32,435 INFO stopped: nginx (exit status 0)
2026-03-10 12:33:33,446 WARN stopped: nats (exit status 1)
2026-03-10 12:33:34,969 INFO waiting for backend-api to die
2026-03-10 12:33:38,125 INFO waiting for backend-api to die
2026-03-10 12:34:49,557 INFO Set uid to user 0 succeeded
2026-03-10 12:34:49,563 INFO supervisord started with pid 7
2026-03-10 12:34:50,568 INFO spawned: 'backend-api' with pid 72
2026-03-10 12:34:50,575 INFO spawned: 'nats' with pid 73
2026-03-10 12:34:50,580 INFO spawned: 'nginx' with pid 74
2026-03-10 12:34:50,586 INFO spawned: 'postgres' with pid 75
2026-03-10 12:34:50,592 INFO spawned: 'worker-00' with pid 76
2026-03-10 12:34:50,597 INFO spawned: 'worker-01' with pid 77
2026-03-10 12:34:50,604 INFO spawned: 'worker-02' with pid 78
2026-03-10 12:34:50,837 WARN exited: postgres (exit status 1; not expected)
2026-03-10 12:34:51,924 INFO spawned: 'postgres' with pid 95
2026-03-10 12:34:52,052 WARN exited: postgres (exit status 1; not expected)
2026-03-10 12:34:53,918 INFO success: nats entered RUNNING state, process has stayed up for > than 3 seconds (startsecs)
2026-03-10 12:34:53,918 INFO success: nginx entered RUNNING state, process has stayed up for > than 3 seconds (startsecs)
2026-03-10 12:34:54,322 INFO spawned: 'postgres' with pid 102
2026-03-10 12:34:54,452 WARN exited: postgres (exit status 1; not expected)
2026-03-10 12:34:56,296 INFO success: backend-api entered RUNNING state, process has stayed up for > than 5 seconds (startsecs)
2026-03-10 12:34:56,296 INFO success: worker-00 entered RUNNING state, process has stayed up for > than 5 seconds (startsecs)
2026-03-10 12:34:56,296 INFO success: worker-01 entered RUNNING state, process has stayed up for > than 5 seconds (startsecs)
2026-03-10 12:34:56,296 INFO success: worker-02 entered RUNNING state, process has stayed up for > than 5 seconds (startsecs)
2026-03-10 12:34:58,298 INFO spawned: 'postgres' with pid 112
2026-03-10 12:34:58,420 WARN exited: postgres (exit status 1; not expected)
2026-03-10 12:35:03,359 INFO spawned: 'postgres' with pid 129
2026-03-10 12:35:03,481 WARN exited: postgres (exit status 1; not expected)
2026-03-10 12:35:08,506 INFO spawned: 'postgres' with pid 142
2026-03-10 12:35:08,616 WARN exited: postgres (exit status 1; not expected)
2026-03-10 12:35:15,546 INFO spawned: 'postgres' with pid 155
2026-03-10 12:35:15,686 WARN exited: postgres (exit status 1; not expected)
2026-03-10 12:35:22,704 INFO spawned: 'postgres' with pid 178
2026-03-10 12:35:22,858 WARN exited: postgres (exit status 1; not expected)
2026-03-10 12:35:31,810 INFO spawned: 'postgres' with pid 201
2026-03-10 12:35:31,956 WARN exited: postgres (exit status 1; not expected)
2026-03-10 12:35:41,937 INFO spawned: 'postgres' with pid 230
2026-03-10 12:35:42,051 WARN exited: postgres (exit status 1; not expected)
2026-03-10 12:35:52,109 INFO spawned: 'postgres' with pid 254
2026-03-10 12:35:57,380 INFO success: postgres entered RUNNING state, process has stayed up for > than 5 seconds (startsecs)
2026-03-10 13:01:48,796 WARN received SIGTERM indicating exit request
2026-03-10 13:01:48,796 INFO waiting for backend-api, nats, nginx, postgres, worker-00, worker-01, worker-02 to die
2026-03-10 13:01:48,847 INFO stopped: worker-00 (exit status 0)
2026-03-10 13:01:49,005 INFO stopped: worker-02 (exit status 0)
2026-03-10 13:01:49,013 INFO stopped: worker-01 (exit status 0)
2026-03-10 13:01:49,047 INFO stopped: postgres (exit status 0)
2026-03-10 13:01:49,052 INFO stopped: nginx (exit status 0)
2026-03-10 13:01:49,056 WARN stopped: nats (exit status 1)
2026-03-10 13:01:52,032 INFO waiting for backend-api to die
2026-03-10 13:01:55,035 INFO waiting for backend-api to die
2026-03-10 13:01:58,039 INFO waiting for backend-api to die
2026-03-10 13:02:10,941 INFO Set uid to user 0 succeeded
2026-03-10 13:02:10,943 INFO supervisord started with pid 7
2026-03-10 13:02:11,946 INFO spawned: 'backend-api' with pid 61
2026-03-10 13:02:11,949 INFO spawned: 'nats' with pid 62
2026-03-10 13:02:11,951 INFO spawned: 'nginx' with pid 63
2026-03-10 13:02:11,954 INFO spawned: 'postgres' with pid 64
2026-03-10 13:02:11,958 INFO spawned: 'worker-00' with pid 65
2026-03-10 13:02:11,961 INFO spawned: 'worker-01' with pid 66
2026-03-10 13:02:11,967 INFO spawned: 'worker-02' with pid 67
2026-03-10 13:02:12,118 WARN exited: postgres (exit status 1; not expected)
2026-03-10 13:02:14,105 INFO spawned: 'postgres' with pid 87
2026-03-10 13:02:14,202 WARN exited: postgres (exit status 1; not expected)
2026-03-10 13:02:15,862 INFO success: nats entered RUNNING state, process has stayed up for > than 3 seconds (startsecs)
2026-03-10 13:02:15,863 INFO success: nginx entered RUNNING state, process has stayed up for > than 3 seconds (startsecs)
2026-03-10 13:02:16,415 INFO spawned: 'postgres' with pid 98
2026-03-10 13:02:16,534 WARN exited: postgres (exit status 1; not expected)
2026-03-10 13:02:17,535 INFO success: backend-api entered RUNNING state, process has stayed up for > than 5 seconds (startsecs)
2026-03-10 13:02:17,535 INFO success: worker-00 entered RUNNING state, process has stayed up for > than 5 seconds (startsecs)
2026-03-10 13:02:17,536 INFO success: worker-01 entered RUNNING state, process has stayed up for > than 5 seconds (startsecs)
2026-03-10 13:02:17,536 INFO success: worker-02 entered RUNNING state, process has stayed up for > than 5 seconds (startsecs)
2026-03-10 13:02:19,539 INFO spawned: 'postgres' with pid 101
2026-03-10 13:02:19,660 WARN exited: postgres (exit status 1; not expected)
2026-03-10 13:02:24,222 INFO spawned: 'postgres' with pid 118
2026-03-10 13:02:24,338 WARN exited: postgres (exit status 1; not expected)
2026-03-10 13:02:29,630 INFO spawned: 'postgres' with pid 133
2026-03-10 13:02:29,735 WARN exited: postgres (exit status 1; not expected)
2026-03-10 13:02:36,186 INFO spawned: 'postgres' with pid 150
2026-03-10 13:02:36,279 WARN exited: postgres (exit status 1; not expected)
2026-03-10 13:02:43,741 INFO spawned: 'postgres' with pid 173
2026-03-10 13:02:43,849 WARN exited: postgres (exit status 1; not expected)
2026-03-10 13:02:52,403 INFO spawned: 'postgres' with pid 197
2026-03-10 13:02:52,813 WARN exited: postgres (exit status 1; not expected)
2026-03-10 13:03:01,923 INFO spawned: 'postgres' with pid 222
2026-03-10 13:03:02,018 WARN exited: postgres (exit status 1; not expected)
2026-03-10 13:03:12,033 INFO spawned: 'postgres' with pid 250
2026-03-10 13:03:17,081 INFO success: postgres entered RUNNING state, process has stayed up for > than 5 seconds (startsecs)
2026-03-10 13:12:13,245 WARN received SIGTERM indicating exit request
2026-03-10 13:12:13,246 INFO waiting for backend-api, nats, nginx, postgres, worker-00, worker-01, worker-02 to die
2026-03-10 13:12:13,284 INFO stopped: worker-00 (exit status 0)
2026-03-10 13:12:13,429 INFO stopped: worker-02 (exit status 0)
2026-03-10 13:12:13,460 INFO stopped: worker-01 (exit status 0)
2026-03-10 13:12:13,770 INFO stopped: postgres (exit status 0)
2026-03-10 13:12:13,773 INFO stopped: nginx (exit status 0)
2026-03-10 13:12:13,775 WARN stopped: nats (exit status 1)
2026-03-10 13:12:16,822 INFO waiting for backend-api to die
2026-03-10 13:12:20,146 INFO waiting for backend-api to die
2026-03-10 13:12:20,830 INFO stopped: backend-api (exit status 0)
2026-03-10 13:13:05,735 INFO Set uid to user 0 succeeded
2026-03-10 13:13:05,736 INFO supervisord started with pid 7
2026-03-10 13:13:06,740 INFO spawned: 'backend-api' with pid 60
2026-03-10 13:13:06,744 INFO spawned: 'nats' with pid 61
2026-03-10 13:13:06,748 INFO spawned: 'nginx' with pid 62
2026-03-10 13:13:06,752 INFO spawned: 'postgres' with pid 63
2026-03-10 13:13:06,756 INFO spawned: 'worker-00' with pid 64
2026-03-10 13:13:06,763 INFO spawned: 'worker-01' with pid 70
2026-03-10 13:13:06,772 INFO spawned: 'worker-02' with pid 73
2026-03-10 13:13:06,933 WARN exited: postgres (exit status 1; not expected)
2026-03-10 13:13:08,766 INFO spawned: 'postgres' with pid 85
2026-03-10 13:13:08,877 WARN exited: postgres (exit status 1; not expected)
2026-03-10 13:13:10,442 INFO success: nats entered RUNNING state, process has stayed up for > than 3 seconds (startsecs)
2026-03-10 13:13:10,443 INFO success: nginx entered RUNNING state, process has stayed up for > than 3 seconds (startsecs)
2026-03-10 13:13:11,386 INFO spawned: 'postgres' with pid 96
2026-03-10 13:13:11,486 WARN exited: postgres (exit status 1; not expected)
2026-03-10 13:13:12,486 INFO success: backend-api entered RUNNING state, process has stayed up for > than 5 seconds (startsecs)
2026-03-10 13:13:12,487 INFO success: worker-00 entered RUNNING state, process has stayed up for > than 5 seconds (startsecs)
2026-03-10 13:13:12,487 INFO success: worker-01 entered RUNNING state, process has stayed up for > than 5 seconds (startsecs)
2026-03-10 13:13:12,487 INFO success: worker-02 entered RUNNING state, process has stayed up for > than 5 seconds (startsecs)
2026-03-10 13:13:14,490 INFO spawned: 'postgres' with pid 99
2026-03-10 13:13:14,690 WARN exited: postgres (exit status 1; not expected)
2026-03-10 13:13:19,003 INFO spawned: 'postgres' with pid 116
2026-03-10 13:13:19,358 WARN exited: postgres (exit status 1; not expected)
2026-03-10 13:13:24,375 INFO spawned: 'postgres' with pid 131
2026-03-10 13:13:24,486 WARN exited: postgres (exit status 1; not expected)
2026-03-10 13:13:30,962 INFO spawned: 'postgres' with pid 146
2026-03-10 13:13:31,089 WARN exited: postgres (exit status 1; not expected)
2026-03-10 13:13:38,524 INFO spawned: 'postgres' with pid 169
2026-03-10 13:13:38,640 WARN exited: postgres (exit status 1; not expected)
2026-03-10 13:13:46,771 INFO spawned: 'postgres' with pid 186
2026-03-10 13:13:47,108 WARN exited: postgres (exit status 1; not expected)
2026-03-10 13:13:56,649 INFO spawned: 'postgres' with pid 212
2026-03-10 13:13:56,763 WARN exited: postgres (exit status 1; not expected)
2026-03-10 13:14:07,067 INFO spawned: 'postgres' with pid 239
2026-03-10 13:14:12,128 INFO success: postgres entered RUNNING state, process has stayed up for > than 5 seconds (startsecs)
2026-03-10 13:15:21,812 WARN received SIGTERM indicating exit request
2026-03-10 13:15:21,813 INFO waiting for backend-api, nats, nginx, postgres, worker-00, worker-01, worker-02 to die
2026-03-10 13:15:21,869 INFO stopped: worker-00 (exit status 0)
2026-03-10 13:15:22,018 INFO stopped: worker-01 (exit status 0)
2026-03-10 13:15:22,037 INFO stopped: worker-02 (exit status 0)
2026-03-10 13:15:22,080 INFO stopped: postgres (exit status 0)
2026-03-10 13:15:22,083 INFO stopped: nginx (exit status 0)
2026-03-10 13:15:22,085 WARN stopped: nats (exit status 1)
2026-03-10 13:15:23,323 INFO stopped: backend-api (exit status 0)
2026-03-10 13:59:46,818 INFO Set uid to user 0 succeeded
2026-03-10 13:59:46,820 INFO supervisord started with pid 7
2026-03-10 13:59:47,823 INFO spawned: 'backend-api' with pid 194
2026-03-10 13:59:47,825 INFO spawned: 'nats' with pid 195
2026-03-10 13:59:47,828 INFO spawned: 'nginx' with pid 196
2026-03-10 13:59:47,830 INFO spawned: 'postgres' with pid 197
2026-03-10 13:59:47,833 INFO spawned: 'worker-00' with pid 198
2026-03-10 13:59:47,838 INFO spawned: 'worker-01' with pid 199
2026-03-10 13:59:47,845 INFO spawned: 'worker-02' with pid 200
2026-03-10 13:59:51,760 INFO success: nats entered RUNNING state, process has stayed up for > than 3 seconds (startsecs)
2026-03-10 13:59:51,761 INFO success: nginx entered RUNNING state, process has stayed up for > than 3 seconds (startsecs)
2026-03-10 13:59:53,762 INFO success: backend-api entered RUNNING state, process has stayed up for > than 5 seconds (startsecs)
2026-03-10 13:59:53,763 INFO success: postgres entered RUNNING state, process has stayed up for > than 5 seconds (startsecs)
2026-03-10 13:59:53,763 INFO success: worker-00 entered RUNNING state, process has stayed up for > than 5 seconds (startsecs)
2026-03-10 13:59:53,763 INFO success: worker-01 entered RUNNING state, process has stayed up for > than 5 seconds (startsecs)
2026-03-10 13:59:53,763 INFO success: worker-02 entered RUNNING state, process has stayed up for > than 5 seconds (startsecs)
2026-03-10 14:06:12,177 WARN received SIGTERM indicating exit request
2026-03-10 14:06:12,178 INFO waiting for backend-api, nats, nginx, postgres, worker-00, worker-01, worker-02 to die
2026-03-10 14:06:12,238 INFO stopped: worker-00 (exit status 0)
2026-03-10 14:06:12,339 INFO stopped: worker-02 (exit status 0)
2026-03-10 14:06:12,382 INFO stopped: worker-01 (exit status 0)
2026-03-10 14:06:15,246 INFO waiting for backend-api, nats, nginx, postgres to die
2026-03-10 14:06:18,271 INFO waiting for backend-api, nats, nginx, postgres to die
2026-03-10 14:06:21,274 INFO waiting for backend-api, nats, nginx, postgres to die
2026-03-10 14:07:46,535 INFO Set uid to user 0 succeeded
2026-03-10 14:07:46,537 INFO supervisord started with pid 7
2026-03-10 14:07:47,541 INFO spawned: 'backend-api' with pid 122
2026-03-10 14:07:47,544 INFO spawned: 'nats' with pid 123
2026-03-10 14:07:47,547 INFO spawned: 'nginx' with pid 124
2026-03-10 14:07:47,548 INFO spawned: 'postgres' with pid 125
2026-03-10 14:07:47,550 INFO spawned: 'worker-00' with pid 126
2026-03-10 14:07:47,552 INFO spawned: 'worker-01' with pid 127
2026-03-10 14:07:47,553 INFO spawned: 'worker-02' with pid 128
2026-03-10 14:07:50,626 INFO success: nats entered RUNNING state, process has stayed up for > than 3 seconds (startsecs)
2026-03-10 14:07:50,626 INFO success: nginx entered RUNNING state, process has stayed up for > than 3 seconds (startsecs)
2026-03-10 14:07:52,670 INFO success: backend-api entered RUNNING state, process has stayed up for > than 5 seconds (startsecs)
2026-03-10 14:07:52,671 INFO success: postgres entered RUNNING state, process has stayed up for > than 5 seconds (startsecs)
2026-03-10 14:07:52,671 INFO success: worker-00 entered RUNNING state, process has stayed up for > than 5 seconds (startsecs)
2026-03-10 14:07:52,671 INFO success: worker-01 entered RUNNING state, process has stayed up for > than 5 seconds (startsecs)
2026-03-10 14:07:52,671 INFO success: worker-02 entered RUNNING state, process has stayed up for > than 5 seconds (startsecs)
2026-03-10 14:08:20,442 WARN received SIGTERM indicating exit request
2026-03-10 14:08:20,443 INFO waiting for backend-api, nats, nginx, postgres, worker-00, worker-01, worker-02 to die
2026-03-10 14:08:20,489 INFO stopped: worker-00 (exit status 0)
2026-03-10 14:08:20,596 INFO stopped: worker-02 (exit status 0)
2026-03-10 14:08:20,639 INFO stopped: worker-01 (exit status 0)
2026-03-10 14:08:23,652 INFO waiting for backend-api, nats, nginx, postgres to die
2026-03-10 14:08:26,655 INFO waiting for backend-api, nats, nginx, postgres to die
2026-03-10 14:10:07,633 INFO Set uid to user 0 succeeded
2026-03-10 14:10:07,635 INFO supervisord started with pid 8
2026-03-10 14:10:08,639 INFO spawned: 'backend-api' with pid 184
2026-03-10 14:10:08,642 INFO spawned: 'nats' with pid 185
2026-03-10 14:10:08,643 INFO spawned: 'nginx' with pid 186
2026-03-10 14:10:08,644 INFO spawned: 'postgres' with pid 187
2026-03-10 14:10:08,645 INFO spawned: 'worker-00' with pid 188
2026-03-10 14:10:08,646 INFO spawned: 'worker-01' with pid 189
2026-03-10 14:10:08,647 INFO spawned: 'worker-02' with pid 190
2026-03-10 14:10:12,074 INFO success: nats entered RUNNING state, process has stayed up for > than 3 seconds (startsecs)
2026-03-10 14:10:12,074 INFO success: nginx entered RUNNING state, process has stayed up for > than 3 seconds (startsecs)
2026-03-10 14:10:14,089 INFO success: backend-api entered RUNNING state, process has stayed up for > than 5 seconds (startsecs)
2026-03-10 14:10:14,090 INFO success: postgres entered RUNNING state, process has stayed up for > than 5 seconds (startsecs)
2026-03-10 14:10:14,090 INFO success: worker-00 entered RUNNING state, process has stayed up for > than 5 seconds (startsecs)
2026-03-10 14:10:14,090 INFO success: worker-01 entered RUNNING state, process has stayed up for > than 5 seconds (startsecs)
2026-03-10 14:10:14,090 INFO success: worker-02 entered RUNNING state, process has stayed up for > than 5 seconds (startsecs)
