INFO:__main__:Starting worker type notification
Traceback (most recent call last):
  File "<frozen runpy>", line 198, in _run_module_as_main
  File "<frozen runpy>", line 88, in _run_code
  File "/app/backend/src/app/workers/main.py", line 66, in <module>
    main()
  File "/app/backend/src/app/workers/main.py", line 62, in main
    asyncio.run(_dispatch(worker_type))
  File "/usr/local/lib/python3.12/asyncio/runners.py", line 195, in run
    return runner.run(main)
           ^^^^^^^^^^^^^^^^
  File "/usr/local/lib/python3.12/asyncio/runners.py", line 118, in run
    return self._loop.run_until_complete(task)
           ^^^^^^^^^^^^^^^^^^^^^^^^^^^^^^^^^^^
  File "/usr/local/lib/python3.12/asyncio/base_events.py", line 691, in run_until_complete
    return future.result()
           ^^^^^^^^^^^^^^^
  File "/app/backend/src/app/workers/main.py", line 41, in _dispatch
    await _run_notification()
  File "/app/backend/src/app/workers/main.py", line 30, in _run_notification
    from app.workers import notification_worker
  File "/app/backend/src/app/workers/notification_worker.py", line 12, in <module>
    from app.db.models import NotificationRoute
  File "/app/backend/src/app/db/models.py", line 19, in <module>
    from app.db.session import Base
  File "/app/backend/src/app/db/session.py", line 30, in <module>
    engine = create_engine(
             ^^^^^^^^^^^^^^
  File "<string>", line 2, in create_engine
  File "/usr/local/lib/python3.12/site-packages/sqlalchemy/util/deprecations.py", line 281, in warned
    return fn(*args, **kwargs)  # type: ignore[no-any-return]
           ^^^^^^^^^^^^^^^^^^^
  File "/usr/local/lib/python3.12/site-packages/sqlalchemy/engine/create.py", line 617, in create_engine
    dbapi = dbapi_meth(**dbapi_args)
            ^^^^^^^^^^^^^^^^^^^^^^^^
  File "/usr/local/lib/python3.12/site-packages/sqlalchemy/dialects/postgresql/psycopg2.py", line 696, in import_dbapi
    import psycopg2
ModuleNotFoundError: No module named 'psycopg2'
INFO:__main__:Starting worker type notification
Traceback (most recent call last):
  File "<frozen runpy>", line 198, in _run_module_as_main
  File "<frozen runpy>", line 88, in _run_code
  File "/app/backend/src/app/workers/main.py", line 66, in <module>
    main()
  File "/app/backend/src/app/workers/main.py", line 62, in main
    asyncio.run(_dispatch(worker_type))
  File "/usr/local/lib/python3.12/asyncio/runners.py", line 195, in run
    return runner.run(main)
           ^^^^^^^^^^^^^^^^
  File "/usr/local/lib/python3.12/asyncio/runners.py", line 118, in run
    return self._loop.run_until_complete(task)
           ^^^^^^^^^^^^^^^^^^^^^^^^^^^^^^^^^^^
  File "/usr/local/lib/python3.12/asyncio/base_events.py", line 691, in run_until_complete
    return future.result()
           ^^^^^^^^^^^^^^^
  File "/app/backend/src/app/workers/main.py", line 41, in _dispatch
    await _run_notification()
  File "/app/backend/src/app/workers/main.py", line 30, in _run_notification
    from app.workers import notification_worker
  File "/app/backend/src/app/workers/notification_worker.py", line 12, in <module>
    from app.db.models import NotificationRoute
  File "/app/backend/src/app/db/models.py", line 19, in <module>
    from app.db.session import Base
  File "/app/backend/src/app/db/session.py", line 30, in <module>
    engine = create_engine(
             ^^^^^^^^^^^^^^
  File "<string>", line 2, in create_engine
  File "/usr/local/lib/python3.12/site-packages/sqlalchemy/util/deprecations.py", line 281, in warned
    return fn(*args, **kwargs)  # type: ignore[no-any-return]
           ^^^^^^^^^^^^^^^^^^^
  File "/usr/local/lib/python3.12/site-packages/sqlalchemy/engine/create.py", line 617, in create_engine
    dbapi = dbapi_meth(**dbapi_args)
            ^^^^^^^^^^^^^^^^^^^^^^^^
  File "/usr/local/lib/python3.12/site-packages/sqlalchemy/dialects/postgresql/psycopg2.py", line 696, in import_dbapi
    import psycopg2
ModuleNotFoundError: No module named 'psycopg2'
INFO:__main__:Starting worker type notification
Traceback (most recent call last):
  File "<frozen runpy>", line 198, in _run_module_as_main
  File "<frozen runpy>", line 88, in _run_code
  File "/app/backend/src/app/workers/main.py", line 66, in <module>
    main()
  File "/app/backend/src/app/workers/main.py", line 62, in main
    asyncio.run(_dispatch(worker_type))
  File "/usr/local/lib/python3.12/asyncio/runners.py", line 195, in run
    return runner.run(main)
           ^^^^^^^^^^^^^^^^
  File "/usr/local/lib/python3.12/asyncio/runners.py", line 118, in run
    return self._loop.run_until_complete(task)
           ^^^^^^^^^^^^^^^^^^^^^^^^^^^^^^^^^^^
  File "/usr/local/lib/python3.12/asyncio/base_events.py", line 691, in run_until_complete
    return future.result()
           ^^^^^^^^^^^^^^^
  File "/app/backend/src/app/workers/main.py", line 41, in _dispatch
    await _run_notification()
  File "/app/backend/src/app/workers/main.py", line 30, in _run_notification
    from app.workers import notification_worker
  File "/app/backend/src/app/workers/notification_worker.py", line 12, in <module>
    from app.db.models import NotificationRoute
  File "/app/backend/src/app/db/models.py", line 19, in <module>
    from app.db.session import Base
  File "/app/backend/src/app/db/session.py", line 30, in <module>
    engine = create_engine(
             ^^^^^^^^^^^^^^
  File "<string>", line 2, in create_engine
  File "/usr/local/lib/python3.12/site-packages/sqlalchemy/util/deprecations.py", line 281, in warned
    return fn(*args, **kwargs)  # type: ignore[no-any-return]
           ^^^^^^^^^^^^^^^^^^^
  File "/usr/local/lib/python3.12/site-packages/sqlalchemy/engine/create.py", line 617, in create_engine
    dbapi = dbapi_meth(**dbapi_args)
            ^^^^^^^^^^^^^^^^^^^^^^^^
  File "/usr/local/lib/python3.12/site-packages/sqlalchemy/dialects/postgresql/psycopg2.py", line 696, in import_dbapi
    import psycopg2
ModuleNotFoundError: No module named 'psycopg2'
INFO:__main__:Starting worker type notification
Traceback (most recent call last):
  File "<frozen runpy>", line 198, in _run_module_as_main
  File "<frozen runpy>", line 88, in _run_code
  File "/app/backend/src/app/workers/main.py", line 66, in <module>
    main()
  File "/app/backend/src/app/workers/main.py", line 62, in main
    asyncio.run(_dispatch(worker_type))
  File "/usr/local/lib/python3.12/asyncio/runners.py", line 195, in run
    return runner.run(main)
           ^^^^^^^^^^^^^^^^
  File "/usr/local/lib/python3.12/asyncio/runners.py", line 118, in run
    return self._loop.run_until_complete(task)
           ^^^^^^^^^^^^^^^^^^^^^^^^^^^^^^^^^^^
  File "/usr/local/lib/python3.12/asyncio/base_events.py", line 691, in run_until_complete
    return future.result()
           ^^^^^^^^^^^^^^^
  File "/app/backend/src/app/workers/main.py", line 41, in _dispatch
    await _run_notification()
  File "/app/backend/src/app/workers/main.py", line 30, in _run_notification
    from app.workers import notification_worker
  File "/app/backend/src/app/workers/notification_worker.py", line 12, in <module>
    from app.db.models import NotificationRoute
  File "/app/backend/src/app/db/models.py", line 19, in <module>
    from app.db.session import Base
  File "/app/backend/src/app/db/session.py", line 30, in <module>
    engine = create_engine(
             ^^^^^^^^^^^^^^
  File "<string>", line 2, in create_engine
  File "/usr/local/lib/python3.12/site-packages/sqlalchemy/util/deprecations.py", line 281, in warned
    return fn(*args, **kwargs)  # type: ignore[no-any-return]
           ^^^^^^^^^^^^^^^^^^^
  File "/usr/local/lib/python3.12/site-packages/sqlalchemy/engine/create.py", line 617, in create_engine
    dbapi = dbapi_meth(**dbapi_args)
            ^^^^^^^^^^^^^^^^^^^^^^^^
  File "/usr/local/lib/python3.12/site-packages/sqlalchemy/dialects/postgresql/psycopg2.py", line 696, in import_dbapi
    import psycopg2
ModuleNotFoundError: No module named 'psycopg2'
INFO:__main__:Starting worker type notification
INFO:app.core.nats_client:NATS KV bucket dashboard_cache created
INFO:app.core.nats_client:NATS connected to nats://127.0.0.1:4222
INFO:app.core.nats_client:NATS subscribed to alert.>
INFO:app.workers.notification_worker:Notification worker started and listening on alert.>
INFO:app.workers:SIGTERM received, shutting down gracefully...
WARNING:app.core.nats_client:NATS disconnected from nats://127.0.0.1:4222
INFO:app.workers:Worker shutdown complete
INFO:__main__:Starting worker type notification
INFO:app.core.nats_client:NATS KV bucket dashboard_cache created
INFO:app.core.nats_client:NATS connected to nats://127.0.0.1:4222
INFO:app.core.nats_client:NATS subscribed to alert.>
INFO:app.workers.notification_worker:Notification worker started and listening on alert.>
INFO:app.workers:SIGTERM received, shutting down gracefully...
WARNING:app.core.nats_client:NATS disconnected from nats://127.0.0.1:4222
INFO:app.workers:Worker shutdown complete
INFO:__main__:Starting worker type notification
INFO:app.core.nats_client:NATS KV bucket dashboard_cache created
INFO:app.core.nats_client:NATS connected to nats://127.0.0.1:4222
INFO:app.core.nats_client:NATS subscribed to alert.>
INFO:app.workers.notification_worker:Notification worker started and listening on alert.>
INFO:app.workers:SIGTERM received, shutting down gracefully...
WARNING:app.core.nats_client:NATS disconnected from nats://127.0.0.1:4222
INFO:app.workers:Worker shutdown complete
INFO:__main__:Starting worker type notification
INFO:app.core.nats_client:NATS KV bucket dashboard_cache created
INFO:app.core.nats_client:NATS connected to nats://127.0.0.1:4222
INFO:app.core.nats_client:NATS subscribed to alert.>
INFO:app.workers.notification_worker:Notification worker started and listening on alert.>
INFO:app.workers:SIGTERM received, shutting down gracefully...
WARNING:app.core.nats_client:NATS disconnected from nats://127.0.0.1:4222
INFO:app.workers:Worker shutdown complete
INFO:__main__:Starting worker type notification
INFO:app.core.nats_client:NATS KV bucket dashboard_cache created
INFO:app.core.nats_client:NATS connected to nats://127.0.0.1:4222
INFO:app.core.nats_client:NATS subscribed to alert.>
INFO:app.workers.notification_worker:Notification worker started and listening on alert.>
INFO:app.workers:SIGTERM received, shutting down gracefully...
WARNING:app.core.nats_client:NATS disconnected from nats://127.0.0.1:4222
INFO:app.workers:Worker shutdown complete
INFO:__main__:Starting worker type notification
INFO:app.core.nats_client:NATS KV bucket dashboard_cache created
INFO:app.core.nats_client:NATS connected to nats://127.0.0.1:4222
INFO:app.core.nats_client:NATS subscribed to alert.>
INFO:app.workers.notification_worker:Notification worker started and listening on alert.>
INFO:app.workers:SIGTERM received, shutting down gracefully...
WARNING:app.core.nats_client:NATS disconnected from nats://127.0.0.1:4222
INFO:app.workers:Worker shutdown complete
INFO:__main__:Starting worker type notification
INFO:app.core.nats_client:NATS KV bucket dashboard_cache created
INFO:app.core.nats_client:NATS connected to nats://127.0.0.1:4222
INFO:app.core.nats_client:NATS subscribed to alert.>
INFO:app.workers.notification_worker:Notification worker started and listening on alert.>
INFO:app.workers:SIGTERM received, shutting down gracefully...
WARNING:app.core.nats_client:NATS disconnected from nats://127.0.0.1:4222
INFO:app.workers:Worker shutdown complete
INFO:__main__:Starting worker type notification
INFO:app.core.nats_client:NATS KV bucket dashboard_cache created
INFO:app.core.nats_client:NATS connected to nats://127.0.0.1:4222
INFO:app.core.nats_client:NATS subscribed to alert.>
INFO:app.workers.notification_worker:Notification worker started and listening on alert.>
