INFO:     Uvicorn running on http://127.0.0.1:8000 (Press CTRL+C to quit)
INFO:     Started parent process [110]
INFO:     Started server process [143]
INFO:     Waiting for application startup.
INFO:     Started server process [144]
INFO:     Waiting for application startup.
zeroconf not installed — mDNS listener will not start.
INFO:     Application startup complete.
zeroconf not installed — mDNS listener will not start.
INFO:     Application startup complete.
CSRF check failed: missing token (path=/api/v1/auth/logout method=POST ip=172.18.0.1)
INFO:     172.18.0.1:0 - "WebSocket /api/v1/discovery/stream" [accepted]
INFO:     connection open
INFO:     172.18.0.1:0 - "WebSocket /api/v1/telemetry/stream" [accepted]
INFO:     connection open
INFO:     172.18.0.1:0 - "WebSocket /api/v1/topology/stream" [accepted]
INFO:     connection open
INFO:     connection closed
INFO:     connection closed
Proxmox discovery failed (invalid config/token) for integration 1: Cannot decrypt credentials for integration 1. The vault key may have changed.
INFO:     Uvicorn running on http://127.0.0.1:8000 (Press CTRL+C to quit)
INFO:     Started parent process [91]
INFO:     Started server process [121]
INFO:     Waiting for application startup.
INFO:     Started server process [122]
INFO:     Waiting for application startup.
zeroconf not installed — mDNS listener will not start.
INFO:     Application startup complete.
zeroconf not installed — mDNS listener will not start.
INFO:     Application startup complete.
INFO:     172.18.0.1:0 - "WebSocket /api/v1/discovery/stream" [accepted]
INFO:     connection open
INFO:     172.18.0.1:0 - "WebSocket /api/v1/telemetry/stream" [accepted]
INFO:     connection open
INFO:     172.18.0.1:0 - "WebSocket /api/v1/topology/stream" [accepted]
INFO:     connection open
INFO:     connection closed
INFO:     connection closed
INFO:     172.18.0.1:0 - "WebSocket /api/v1/telemetry/stream" [accepted]
INFO:     connection open
INFO:     172.18.0.1:0 - "WebSocket /api/v1/topology/stream" [accepted]
INFO:     connection open
INFO:     connection closed
INFO:     connection closed
INFO:     172.18.0.1:0 - "WebSocket /api/v1/telemetry/stream" [accepted]
INFO:     connection open
INFO:     172.18.0.1:0 - "WebSocket /api/v1/topology/stream" [accepted]
INFO:     connection open
INFO:     Uvicorn running on http://127.0.0.1:8000 (Press CTRL+C to quit)
INFO:     Started parent process [91]
INFO:     Started server process [128]
INFO:     Waiting for application startup.
INFO:     Started server process [129]
INFO:     Waiting for application startup.
zeroconf not installed — mDNS listener will not start.
INFO:     Application startup complete.
zeroconf not installed — mDNS listener will not start.
INFO:     Application startup complete.
INFO:     172.18.0.1:0 - "WebSocket /api/v1/discovery/stream" [accepted]
INFO:     connection open
INFO:     172.18.0.1:0 - "WebSocket /api/v1/telemetry/stream" [accepted]
INFO:     connection open
INFO:     172.18.0.1:0 - "WebSocket /api/v1/topology/stream" [accepted]
INFO:     connection open
INFO:     connection closed
INFO:     connection closed
INFO:     172.18.0.1:0 - "WebSocket /api/v1/telemetry/stream" [accepted]
INFO:     connection open
INFO:     172.18.0.1:0 - "WebSocket /api/v1/topology/stream" [accepted]
INFO:     connection open
INFO:     connection closed
INFO:     connection closed
INFO:     connection closed
Job "backup_postgres (trigger: cron[hour='3', minute='30'], next run at: 2026-03-15 03:30:00 UTC)" raised an exception
Traceback (most recent call last):
  File "/usr/local/lib/python3.12/pathlib.py", line 1311, in mkdir
    os.mkdir(self, mode)
FileNotFoundError: [Errno 2] No such file or directory: '/app/data/backups'

During handling of the above exception, another exception occurred:

Traceback (most recent call last):
  File "/usr/local/lib/python3.12/site-packages/apscheduler/executors/base.py", line 131, in run_job
    retval = job.func(*job.args, **job.kwargs)
             ^^^^^^^^^^^^^^^^^^^^^^^^^^^^^^^^^
  File "/app/backend/src/app/services/db_backup.py", line 49, in backup_postgres
    BACKUP_DIR.mkdir(parents=True, exist_ok=True)
  File "/usr/local/lib/python3.12/pathlib.py", line 1315, in mkdir
    self.parent.mkdir(parents=True, exist_ok=True)
  File "/usr/local/lib/python3.12/pathlib.py", line 1311, in mkdir
    os.mkdir(self, mode)
OSError: [Errno 30] Read-only file system: '/app/data'
Job "backup_postgres (trigger: cron[hour='3', minute='30'], next run at: 2026-03-15 03:30:00 UTC)" raised an exception
Traceback (most recent call last):
  File "/usr/local/lib/python3.12/pathlib.py", line 1311, in mkdir
    os.mkdir(self, mode)
FileNotFoundError: [Errno 2] No such file or directory: '/app/data/backups'

During handling of the above exception, another exception occurred:

Traceback (most recent call last):
  File "/usr/local/lib/python3.12/site-packages/apscheduler/executors/base.py", line 131, in run_job
    retval = job.func(*job.args, **job.kwargs)
             ^^^^^^^^^^^^^^^^^^^^^^^^^^^^^^^^^
  File "/app/backend/src/app/services/db_backup.py", line 49, in backup_postgres
    BACKUP_DIR.mkdir(parents=True, exist_ok=True)
  File "/usr/local/lib/python3.12/pathlib.py", line 1315, in mkdir
    self.parent.mkdir(parents=True, exist_ok=True)
  File "/usr/local/lib/python3.12/pathlib.py", line 1311, in mkdir
    os.mkdir(self, mode)
OSError: [Errno 30] Read-only file system: '/app/data'
