109:C 14 Mar 2026 03:20:24.442 # oO0OoO0OoO0Oo Redis is starting oO0OoO0OoO0Oo
109:C 14 Mar 2026 03:20:24.442 # Redis version=7.0.15, bits=64, commit=00000000, modified=0, pid=109, just started
109:C 14 Mar 2026 03:20:24.442 # Configuration loaded
109:M 14 Mar 2026 03:20:24.442 * monotonic clock: POSIX clock_gettime
109:M 14 Mar 2026 03:20:24.443 * Running mode=standalone, port=6379.
109:M 14 Mar 2026 03:20:24.443 # Server initialized
109:M 14 Mar 2026 03:20:24.443 # WARNING Memory overcommit must be enabled! Without it, a background save or replication may fail under low memory condition. Being disabled, it can can also cause failures without low memory condition, see https://github.com/jemalloc/jemalloc/issues/1328. To fix this issue add 'vm.overcommit_memory = 1' to /etc/sysctl.conf and then reboot or run the command 'sysctl vm.overcommit_memory=1' for this to take effect.
109:M 14 Mar 2026 03:20:24.443 * Ready to accept connections
88:C 14 Mar 2026 03:22:36.365 # oO0OoO0OoO0Oo Redis is starting oO0OoO0OoO0Oo
88:C 14 Mar 2026 03:22:36.365 # Redis version=7.0.15, bits=64, commit=00000000, modified=0, pid=88, just started
88:C 14 Mar 2026 03:22:36.365 # Configuration loaded
88:M 14 Mar 2026 03:22:36.366 * monotonic clock: POSIX clock_gettime
88:M 14 Mar 2026 03:22:36.366 * Running mode=standalone, port=6379.
88:M 14 Mar 2026 03:22:36.366 # Server initialized
88:M 14 Mar 2026 03:22:36.366 # WARNING Memory overcommit must be enabled! Without it, a background save or replication may fail under low memory condition. Being disabled, it can can also cause failures without low memory condition, see https://github.com/jemalloc/jemalloc/issues/1328. To fix this issue add 'vm.overcommit_memory = 1' to /etc/sysctl.conf and then reboot or run the command 'sysctl vm.overcommit_memory=1' for this to take effect.
88:M 14 Mar 2026 03:22:36.366 * Ready to accept connections
90:C 14 Mar 2026 03:25:55.728 # oO0OoO0OoO0Oo Redis is starting oO0OoO0OoO0Oo
90:C 14 Mar 2026 03:25:55.728 # Redis version=7.0.15, bits=64, commit=00000000, modified=0, pid=90, just started
90:C 14 Mar 2026 03:25:55.728 # Configuration loaded
90:M 14 Mar 2026 03:25:55.728 * monotonic clock: POSIX clock_gettime
90:M 14 Mar 2026 03:25:55.729 * Running mode=standalone, port=6379.
90:M 14 Mar 2026 03:25:55.729 # Server initialized
90:M 14 Mar 2026 03:25:55.729 # WARNING Memory overcommit must be enabled! Without it, a background save or replication may fail under low memory condition. Being disabled, it can can also cause failures without low memory condition, see https://github.com/jemalloc/jemalloc/issues/1328. To fix this issue add 'vm.overcommit_memory = 1' to /etc/sysctl.conf and then reboot or run the command 'sysctl vm.overcommit_memory=1' for this to take effect.
90:M 14 Mar 2026 03:25:55.729 * Ready to accept connections
