2026-03-14 03:20:23,428 INFO Set uid to user 1000 succeeded
2026-03-14 03:20:23,429 INFO supervisord started with pid 7
2026-03-14 03:20:24,431 INFO spawned: 'postgres' with pid 106
2026-03-14 03:20:24,432 INFO spawned: 'pgbouncer' with pid 107
2026-03-14 03:20:24,433 INFO spawned: 'nats' with pid 108
2026-03-14 03:20:24,434 INFO spawned: 'redis' with pid 109
2026-03-14 03:20:24,434 INFO spawned: 'backend-api' with pid 110
2026-03-14 03:20:24,436 INFO spawned: 'worker-00' with pid 118
2026-03-14 03:20:24,437 INFO spawned: 'worker-01' with pid 123
2026-03-14 03:20:24,438 INFO spawned: 'worker-02' with pid 127
2026-03-14 03:20:24,440 INFO spawned: 'worker-03' with pid 128
2026-03-14 03:20:24,442 INFO spawned: 'nginx' with pid 129
2026-03-14 03:20:26,834 INFO success: pgbouncer entered RUNNING state, process has stayed up for > than 2 seconds (startsecs)
2026-03-14 03:20:26,834 INFO success: redis entered RUNNING state, process has stayed up for > than 2 seconds (startsecs)
2026-03-14 03:20:27,837 INFO success: nats entered RUNNING state, process has stayed up for > than 3 seconds (startsecs)
2026-03-14 03:20:27,837 INFO success: nginx entered RUNNING state, process has stayed up for > than 3 seconds (startsecs)
2026-03-14 03:20:29,763 INFO success: postgres entered RUNNING state, process has stayed up for > than 5 seconds (startsecs)
2026-03-14 03:20:29,763 INFO success: backend-api entered RUNNING state, process has stayed up for > than 5 seconds (startsecs)
2026-03-14 03:20:29,763 INFO success: worker-00 entered RUNNING state, process has stayed up for > than 5 seconds (startsecs)
2026-03-14 03:20:29,763 INFO success: worker-01 entered RUNNING state, process has stayed up for > than 5 seconds (startsecs)
2026-03-14 03:20:29,763 INFO success: worker-02 entered RUNNING state, process has stayed up for > than 5 seconds (startsecs)
2026-03-14 03:20:29,763 INFO success: worker-03 entered RUNNING state, process has stayed up for > than 5 seconds (startsecs)
2026-03-14 03:22:35,350 INFO Set uid to user 1000 succeeded
2026-03-14 03:22:35,351 INFO supervisord started with pid 7
2026-03-14 03:22:36,352 INFO spawned: 'postgres' with pid 85
2026-03-14 03:22:36,353 INFO spawned: 'pgbouncer' with pid 86
2026-03-14 03:22:36,354 INFO spawned: 'nats' with pid 87
2026-03-14 03:22:36,355 INFO spawned: 'redis' with pid 88
2026-03-14 03:22:36,356 INFO spawned: 'backend-api' with pid 91
2026-03-14 03:22:36,357 INFO spawned: 'worker-00' with pid 96
2026-03-14 03:22:36,359 INFO spawned: 'worker-01' with pid 101
2026-03-14 03:22:36,360 INFO spawned: 'worker-02' with pid 104
2026-03-14 03:22:36,362 INFO spawned: 'worker-03' with pid 107
2026-03-14 03:22:36,363 INFO spawned: 'nginx' with pid 108
2026-03-14 03:22:38,507 INFO success: pgbouncer entered RUNNING state, process has stayed up for > than 2 seconds (startsecs)
2026-03-14 03:22:38,507 INFO success: redis entered RUNNING state, process has stayed up for > than 2 seconds (startsecs)
2026-03-14 03:22:40,296 INFO success: nats entered RUNNING state, process has stayed up for > than 3 seconds (startsecs)
2026-03-14 03:22:40,296 INFO success: nginx entered RUNNING state, process has stayed up for > than 3 seconds (startsecs)
2026-03-14 03:22:41,510 INFO success: postgres entered RUNNING state, process has stayed up for > than 5 seconds (startsecs)
2026-03-14 03:22:41,510 INFO success: backend-api entered RUNNING state, process has stayed up for > than 5 seconds (startsecs)
2026-03-14 03:22:41,510 INFO success: worker-00 entered RUNNING state, process has stayed up for > than 5 seconds (startsecs)
2026-03-14 03:22:41,510 INFO success: worker-01 entered RUNNING state, process has stayed up for > than 5 seconds (startsecs)
2026-03-14 03:22:41,510 INFO success: worker-02 entered RUNNING state, process has stayed up for > than 5 seconds (startsecs)
2026-03-14 03:22:41,510 INFO success: worker-03 entered RUNNING state, process has stayed up for > than 5 seconds (startsecs)
2026-03-14 03:25:54,705 INFO Set uid to user 1000 succeeded
2026-03-14 03:25:54,706 INFO supervisord started with pid 7
2026-03-14 03:25:55,709 INFO spawned: 'postgres' with pid 87
2026-03-14 03:25:55,710 INFO spawned: 'pgbouncer' with pid 88
2026-03-14 03:25:55,711 INFO spawned: 'nats' with pid 89
2026-03-14 03:25:55,712 INFO spawned: 'redis' with pid 90
2026-03-14 03:25:55,713 INFO spawned: 'backend-api' with pid 91
2026-03-14 03:25:55,714 INFO spawned: 'worker-00' with pid 94
2026-03-14 03:25:55,715 INFO spawned: 'worker-01' with pid 95
2026-03-14 03:25:55,716 INFO spawned: 'worker-02' with pid 96
2026-03-14 03:25:55,717 INFO spawned: 'worker-03' with pid 97
2026-03-14 03:25:55,718 INFO spawned: 'nginx' with pid 98
2026-03-14 03:25:58,522 INFO success: pgbouncer entered RUNNING state, process has stayed up for > than 2 seconds (startsecs)
2026-03-14 03:25:58,522 INFO success: redis entered RUNNING state, process has stayed up for > than 2 seconds (startsecs)
2026-03-14 03:25:59,522 INFO success: nats entered RUNNING state, process has stayed up for > than 3 seconds (startsecs)
2026-03-14 03:25:59,522 INFO success: nginx entered RUNNING state, process has stayed up for > than 3 seconds (startsecs)
2026-03-14 03:26:00,709 INFO success: postgres entered RUNNING state, process has stayed up for > than 5 seconds (startsecs)
2026-03-14 03:26:00,810 INFO success: backend-api entered RUNNING state, process has stayed up for > than 5 seconds (startsecs)
2026-03-14 03:26:00,810 INFO success: worker-00 entered RUNNING state, process has stayed up for > than 5 seconds (startsecs)
2026-03-14 03:26:00,810 INFO success: worker-01 entered RUNNING state, process has stayed up for > than 5 seconds (startsecs)
2026-03-14 03:26:00,810 INFO success: worker-02 entered RUNNING state, process has stayed up for > than 5 seconds (startsecs)
2026-03-14 03:26:00,810 INFO success: worker-03 entered RUNNING state, process has stayed up for > than 5 seconds (startsecs)
